<?xml version="1.0" encoding="UTF-8"?>
<testsuite name="Compra de articulos" tests="1" skipped="1" failures="0" errors="0" timestamp="2024-09-14T17:15:08" hostname="FERDINAND" time="0.038">
  <properties/>
  <testcase name="Comprar articulos con inicio de sesión" classname="Compra de articulos" time="0.038">
    <skipped/>
  </testcase>
  <system-out><![CDATA[]]></system-out>
  <system-err><![CDATA[[Test worker] INFO net.thucydides.core.steps.ConsoleLoggingListener - TEST PENDING
[Test worker] INFO net.thucydides.core.steps.ConsoleLoggingListener - 
          __  _____ _____ ____ _____   ____  _____ _   _ ____ ___ _   _  ____ 
 _       / / |_   _| ____/ ___|_   _| |  _ \| ____| \ | |  _ \_ _| \ | |/ ___|
(_)____ / /    | | |  _| \___ \ | |   | |_) |  _| |  \| | | | | ||  \| | |  _ 
 |_____/ /     | | | |___ ___) || |   |  __/| |___| |\  | |_| | || |\  | |_| |
(_)   /_/      |_| |_____|____/ |_|   |_|   |_____|_| \_|____/___|_| \_|\____|
                                                                                

TEST PENDING: Comprar articulos con inicio de sesión
---------------------------------------------------------------------------------
]]></system-err>
</testsuite>
